<?xml version="1.0" encoding="UTF-8"?>
<!-- Generated by org.testng.reporters.JUnitReportReporter -->
<testsuite hostname="QKSRVSH05" failures="0" tests="3" name="OrangeHRM.testCases.invalidCredetials" time="1.285" errors="0" timestamp="2021-05-25T10:10:23 IST" skipped="0">
  <testcase classname="OrangeHRM.testCases.invalidCredetials" name="invalidCredentials" time="0.252"/>
  <system-out/>
  <testcase classname="OrangeHRM.testCases.invalidCredetials" name="invalidCredentials" time="0.217"/>
  <system-out/>
  <testcase classname="OrangeHRM.testCases.invalidCredetials" name="invalidCredentials" time="0.816"/>
  <system-out/>
</testsuite> <!-- OrangeHRM.testCases.invalidCredetials -->
