<?xml version="1.0" encoding="UTF-8"?>
<!-- Generated by org.testng.reporters.JUnitReportReporter -->
<testsuite hostname="QKSRVSH05" failures="0" tests="1" name="OrangeHRM.testCases.testLogin" time="3.945" errors="0" timestamp="2021-05-25T10:10:23 IST" skipped="0">
  <testcase classname="OrangeHRM.testCases.testLogin" name="validCredentials" time="3.945"/>
  <system-out/>
</testsuite> <!-- OrangeHRM.testCases.testLogin -->
